ERROR - 2024-07-31 07:12:06 --> No thumbnail data for character: 3-D Man
ERROR - 2024-07-31 07:12:06 --> No thumbnail data for character: A-Bomb (HAS)
ERROR - 2024-07-31 07:12:06 --> No thumbnail data for character: A.I.M.
ERROR - 2024-07-31 07:12:06 --> No thumbnail data for character: Aaron Stack
ERROR - 2024-07-31 07:12:06 --> No thumbnail data for character: Abomination (Emil Blonsky)
INFO - 2024-07-31 07:50:36 --> Session: Class initialized using 'CodeIgniter\Session\Handlers\FileHandler' driver.
INFO - 2024-07-31 07:50:38 --> Session: Class initialized using 'CodeIgniter\Session\Handlers\FileHandler' driver.
INFO - 2024-07-31 07:50:39 --> Session: Class initialized using 'CodeIgniter\Session\Handlers\FileHandler' driver.
INFO - 2024-07-31 07:50:39 --> Session: Class initialized using 'CodeIgniter\Session\Handlers\FileHandler' driver.
INFO - 2024-07-31 07:50:44 --> Session: Class initialized using 'CodeIgniter\Session\Handlers\FileHandler' driver.
INFO - 2024-07-31 07:51:16 --> Session: Class initialized using 'CodeIgniter\Session\Handlers\FileHandler' driver.
INFO - 2024-07-31 07:52:15 --> Session: Class initialized using 'CodeIgniter\Session\Handlers\FileHandler' driver.
INFO - 2024-07-31 07:52:17 --> Session: Class initialized using 'CodeIgniter\Session\Handlers\FileHandler' driver.
INFO - 2024-07-31 07:52:17 --> Session: Class initialized using 'CodeIgniter\Session\Handlers\FileHandler' driver.
INFO - 2024-07-31 07:52:17 --> Session: Class initialized using 'CodeIgniter\Session\Handlers\FileHandler' driver.
INFO - 2024-07-31 07:52:21 --> Session: Class initialized using 'CodeIgniter\Session\Handlers\FileHandler' driver.
INFO - 2024-07-31 07:52:52 --> Session: Class initialized using 'CodeIgniter\Session\Handlers\FileHandler' driver.
INFO - 2024-07-31 07:52:54 --> Session: Class initialized using 'CodeIgniter\Session\Handlers\FileHandler' driver.
INFO - 2024-07-31 07:53:44 --> Session: Class initialized using 'CodeIgniter\Session\Handlers\FileHandler' driver.
INFO - 2024-07-31 07:53:52 --> Session: Class initialized using 'CodeIgniter\Session\Handlers\FileHandler' driver.
INFO - 2024-07-31 07:54:04 --> Session: Class initialized using 'CodeIgniter\Session\Handlers\FileHandler' driver.
INFO - 2024-07-31 07:54:08 --> Session: Class initialized using 'CodeIgniter\Session\Handlers\FileHandler' driver.
INFO - 2024-07-31 07:56:19 --> Session: Class initialized using 'CodeIgniter\Session\Handlers\FileHandler' driver.
INFO - 2024-07-31 07:56:30 --> Session: Class initialized using 'CodeIgniter\Session\Handlers\FileHandler' driver.
INFO - 2024-07-31 07:56:33 --> Session: Class initialized using 'CodeIgniter\Session\Handlers\FileHandler' driver.
INFO - 2024-07-31 07:58:04 --> Session: Class initialized using 'CodeIgniter\Session\Handlers\FileHandler' driver.
INFO - 2024-07-31 07:58:24 --> Session: Class initialized using 'CodeIgniter\Session\Handlers\FileHandler' driver.
INFO - 2024-07-31 07:59:13 --> Session: Class initialized using 'CodeIgniter\Session\Handlers\FileHandler' driver.
INFO - 2024-07-31 07:59:15 --> Session: Class initialized using 'CodeIgniter\Session\Handlers\FileHandler' driver.
INFO - 2024-07-31 07:59:24 --> Session: Class initialized using 'CodeIgniter\Session\Handlers\FileHandler' driver.
INFO - 2024-07-31 07:59:30 --> Session: Class initialized using 'CodeIgniter\Session\Handlers\FileHandler' driver.
INFO - 2024-07-31 08:00:49 --> Procesando personaje: {"id":1011334,"name":"3-D Man","description":"","thumbnail_url":"http:\/\/i.annihil.us\/u\/prod\/marvel\/i\/mg\/b\/40\/image_not_available.jpg","resourceURI":"http:\/\/gateway.marvel.com\/v1\/public\/characters\/1011334","modified":"2014-04-29T14:18:17-0400"}
INFO - 2024-07-31 08:00:49 --> Procesando personaje: {"id":1017100,"name":"A-Bomb (HAS)","description":"Rick Jones has been Hulk's best bud since day one, but now he's more than a friend...he's a teammate! Transformed by a Gamma energy explosion, A-Bomb's thick, armored skin is just as strong and powerful as it is blue. And when he curls into action, he uses it like a giant bowling ball of destruction! ","thumbnail_url":"http:\/\/i.annihil.us\/u\/prod\/marvel\/i\/mg\/b\/40\/image_not_available.jpg","resourceURI":"http:\/\/gateway.marvel.com\/v1\/public\/characters\/1017100","modified":"2013-09-18T15:54:04-0400"}
INFO - 2024-07-31 08:00:49 --> Procesando personaje: {"id":1009144,"name":"A.I.M.","description":"AIM is a terrorist organization bent on destroying the world.","thumbnail_url":"http:\/\/i.annihil.us\/u\/prod\/marvel\/i\/mg\/b\/40\/image_not_available.jpg","resourceURI":"http:\/\/gateway.marvel.com\/v1\/public\/characters\/1009144","modified":"2013-10-17T14:41:30-0400"}
INFO - 2024-07-31 08:00:49 --> Procesando personaje: {"id":1010699,"name":"Aaron Stack","description":"","thumbnail_url":"http:\/\/i.annihil.us\/u\/prod\/marvel\/i\/mg\/b\/40\/image_not_available.jpg","resourceURI":"http:\/\/gateway.marvel.com\/v1\/public\/characters\/1010699","modified":"1969-12-31T19:00:00-0500"}
INFO - 2024-07-31 08:00:49 --> Procesando personaje: {"id":1009146,"name":"Abomination (Emil Blonsky)","description":"Formerly known as Emil Blonsky, a spy of Soviet Yugoslavian origin working for the KGB, the Abomination gained his powers after receiving a dose of gamma radiation similar to that which transformed Bruce Banner into the incredible Hulk.","thumbnail_url":"http:\/\/i.annihil.us\/u\/prod\/marvel\/i\/mg\/b\/40\/image_not_available.jpg","resourceURI":"http:\/\/gateway.marvel.com\/v1\/public\/characters\/1009146","modified":"2012-03-20T12:32:12-0400"}
INFO - 2024-07-31 08:00:49 --> Proceso de fetchFromApi completado.
INFO - 2024-07-31 08:00:49 --> Session: Class initialized using 'CodeIgniter\Session\Handlers\FileHandler' driver.
INFO - 2024-07-31 08:00:49 --> Session: Class initialized using 'CodeIgniter\Session\Handlers\FileHandler' driver.
INFO - 2024-07-31 08:01:24 --> Session: Class initialized using 'CodeIgniter\Session\Handlers\FileHandler' driver.
INFO - 2024-07-31 08:01:30 --> Session: Class initialized using 'CodeIgniter\Session\Handlers\FileHandler' driver.
INFO - 2024-07-31 08:01:38 --> Session: Class initialized using 'CodeIgniter\Session\Handlers\FileHandler' driver.
INFO - 2024-07-31 08:01:47 --> Session: Class initialized using 'CodeIgniter\Session\Handlers\FileHandler' driver.
INFO - 2024-07-31 08:01:49 --> Session: Class initialized using 'CodeIgniter\Session\Handlers\FileHandler' driver.
INFO - 2024-07-31 08:02:01 --> Session: Class initialized using 'CodeIgniter\Session\Handlers\FileHandler' driver.
INFO - 2024-07-31 08:02:04 --> Session: Class initialized using 'CodeIgniter\Session\Handlers\FileHandler' driver.
INFO - 2024-07-31 08:02:09 --> Session: Class initialized using 'CodeIgniter\Session\Handlers\FileHandler' driver.
INFO - 2024-07-31 08:02:15 --> Session: Class initialized using 'CodeIgniter\Session\Handlers\FileHandler' driver.
INFO - 2024-07-31 08:03:54 --> Session: Class initialized using 'CodeIgniter\Session\Handlers\FileHandler' driver.
INFO - 2024-07-31 08:03:56 --> Session: Class initialized using 'CodeIgniter\Session\Handlers\FileHandler' driver.
INFO - 2024-07-31 08:05:16 --> Procesando personaje: {"id":1011334,"name":"3-D Man","description":"","thumbnail_url":"http:\/\/i.annihil.us\/u\/prod\/marvel\/i\/mg\/b\/40\/image_not_available.jpg","resourceURI":"http:\/\/gateway.marvel.com\/v1\/public\/characters\/1011334","modified":"2014-04-29T14:18:17-0400"}
INFO - 2024-07-31 08:05:16 --> Procesando personaje: {"id":1017100,"name":"A-Bomb (HAS)","description":"Rick Jones has been Hulk's best bud since day one, but now he's more than a friend...he's a teammate! Transformed by a Gamma energy explosion, A-Bomb's thick, armored skin is just as strong and powerful as it is blue. And when he curls into action, he uses it like a giant bowling ball of destruction! ","thumbnail_url":"http:\/\/i.annihil.us\/u\/prod\/marvel\/i\/mg\/b\/40\/image_not_available.jpg","resourceURI":"http:\/\/gateway.marvel.com\/v1\/public\/characters\/1017100","modified":"2013-09-18T15:54:04-0400"}
INFO - 2024-07-31 08:05:16 --> Procesando personaje: {"id":1009144,"name":"A.I.M.","description":"AIM is a terrorist organization bent on destroying the world.","thumbnail_url":"http:\/\/i.annihil.us\/u\/prod\/marvel\/i\/mg\/b\/40\/image_not_available.jpg","resourceURI":"http:\/\/gateway.marvel.com\/v1\/public\/characters\/1009144","modified":"2013-10-17T14:41:30-0400"}
INFO - 2024-07-31 08:05:16 --> Procesando personaje: {"id":1010699,"name":"Aaron Stack","description":"","thumbnail_url":"http:\/\/i.annihil.us\/u\/prod\/marvel\/i\/mg\/b\/40\/image_not_available.jpg","resourceURI":"http:\/\/gateway.marvel.com\/v1\/public\/characters\/1010699","modified":"1969-12-31T19:00:00-0500"}
INFO - 2024-07-31 08:05:16 --> Procesando personaje: {"id":1009146,"name":"Abomination (Emil Blonsky)","description":"Formerly known as Emil Blonsky, a spy of Soviet Yugoslavian origin working for the KGB, the Abomination gained his powers after receiving a dose of gamma radiation similar to that which transformed Bruce Banner into the incredible Hulk.","thumbnail_url":"http:\/\/i.annihil.us\/u\/prod\/marvel\/i\/mg\/b\/40\/image_not_available.jpg","resourceURI":"http:\/\/gateway.marvel.com\/v1\/public\/characters\/1009146","modified":"2012-03-20T12:32:12-0400"}
INFO - 2024-07-31 08:05:16 --> Proceso de fetchFromApi completado.
INFO - 2024-07-31 08:05:16 --> Session: Class initialized using 'CodeIgniter\Session\Handlers\FileHandler' driver.
INFO - 2024-07-31 08:05:16 --> Session: Class initialized using 'CodeIgniter\Session\Handlers\FileHandler' driver.
INFO - 2024-07-31 08:06:18 --> Session: Class initialized using 'CodeIgniter\Session\Handlers\FileHandler' driver.
INFO - 2024-07-31 08:06:22 --> Session: Class initialized using 'CodeIgniter\Session\Handlers\FileHandler' driver.
INFO - 2024-07-31 08:07:33 --> Proceso de fetchFromApi completado. Personajes generados: 5
INFO - 2024-07-31 08:08:08 --> Session: Class initialized using 'CodeIgniter\Session\Handlers\FileHandler' driver.
INFO - 2024-07-31 08:09:07 --> Session: Class initialized using 'CodeIgniter\Session\Handlers\FileHandler' driver.
INFO - 2024-07-31 08:09:10 --> Session: Class initialized using 'CodeIgniter\Session\Handlers\FileHandler' driver.
INFO - 2024-07-31 08:09:36 --> Session: Class initialized using 'CodeIgniter\Session\Handlers\FileHandler' driver.
INFO - 2024-07-31 08:09:44 --> Session: Class initialized using 'CodeIgniter\Session\Handlers\FileHandler' driver.
INFO - 2024-07-31 08:09:46 --> Session: Class initialized using 'CodeIgniter\Session\Handlers\FileHandler' driver.
INFO - 2024-07-31 08:09:47 --> Session: Class initialized using 'CodeIgniter\Session\Handlers\FileHandler' driver.
INFO - 2024-07-31 08:09:52 --> Session: Class initialized using 'CodeIgniter\Session\Handlers\FileHandler' driver.
INFO - 2024-07-31 08:10:52 --> Proceso de fetchFromApi completado. Personajes generados: 5
INFO - 2024-07-31 08:11:19 --> Session: Class initialized using 'CodeIgniter\Session\Handlers\FileHandler' driver.
INFO - 2024-07-31 08:11:40 --> Session: Class initialized using 'CodeIgniter\Session\Handlers\FileHandler' driver.
INFO - 2024-07-31 08:11:41 --> Session: Class initialized using 'CodeIgniter\Session\Handlers\FileHandler' driver.
INFO - 2024-07-31 08:11:47 --> Session: Class initialized using 'CodeIgniter\Session\Handlers\FileHandler' driver.
INFO - 2024-07-31 08:11:53 --> Proceso de fetchFromApi completado. Personajes generados: 5
CRITICAL - 2024-07-31 08:11:53 --> ErrorException: Undefined variable $characters
[Method: GET, Route: fetch]
in APPPATH\Controllers\Home.php on line 78.
 1 APPPATH\Controllers\Home.php(78): CodeIgniter\Debug\Exceptions->errorHandler(2, 'Undefined variable $characters', 'C:\\xampp\\htdocs\\Take-API-Marvel\\app\\Controllers\\Home.php', 78)
 2 SYSTEMPATH\CodeIgniter.php(933): App\Controllers\Home->fetchFromApi()
 3 SYSTEMPATH\CodeIgniter.php(509): CodeIgniter\CodeIgniter->runController(Object(App\Controllers\Home))
 4 SYSTEMPATH\CodeIgniter.php(355): CodeIgniter\CodeIgniter->handleRequest(null, Object(Config\Cache), false)
 5 SYSTEMPATH\Boot.php(325): CodeIgniter\CodeIgniter->run()
 6 SYSTEMPATH\Boot.php(67): CodeIgniter\Boot::runCodeIgniter(Object(CodeIgniter\CodeIgniter))
 7 FCPATH\index.php(56): CodeIgniter\Boot::bootWeb(Object(Config\Paths))
INFO - 2024-07-31 08:12:07 --> Session: Class initialized using 'CodeIgniter\Session\Handlers\FileHandler' driver.
INFO - 2024-07-31 08:12:11 --> Session: Class initialized using 'CodeIgniter\Session\Handlers\FileHandler' driver.
INFO - 2024-07-31 08:14:36 --> Session: Class initialized using 'CodeIgniter\Session\Handlers\FileHandler' driver.
INFO - 2024-07-31 08:15:03 --> Session: Class initialized using 'CodeIgniter\Session\Handlers\FileHandler' driver.
INFO - 2024-07-31 08:15:13 --> Session: Class initialized using 'CodeIgniter\Session\Handlers\FileHandler' driver.
INFO - 2024-07-31 08:18:09 --> Session: Class initialized using 'CodeIgniter\Session\Handlers\FileHandler' driver.
INFO - 2024-07-31 08:18:10 --> Session: Class initialized using 'CodeIgniter\Session\Handlers\FileHandler' driver.
INFO - 2024-07-31 08:21:15 --> Session: Class initialized using 'CodeIgniter\Session\Handlers\FileHandler' driver.
INFO - 2024-07-31 08:21:16 --> Session: Class initialized using 'CodeIgniter\Session\Handlers\FileHandler' driver.
INFO - 2024-07-31 08:21:25 --> Session: Class initialized using 'CodeIgniter\Session\Handlers\FileHandler' driver.
INFO - 2024-07-31 08:21:34 --> Session: Class initialized using 'CodeIgniter\Session\Handlers\FileHandler' driver.
INFO - 2024-07-31 08:21:42 --> Session: Class initialized using 'CodeIgniter\Session\Handlers\FileHandler' driver.
INFO - 2024-07-31 08:22:45 --> Proceso de fetchFromApi completado. Personajes generados: 5
INFO - 2024-07-31 08:22:45 --> Session: Class initialized using 'CodeIgniter\Session\Handlers\FileHandler' driver.
INFO - 2024-07-31 08:22:46 --> Session: Class initialized using 'CodeIgniter\Session\Handlers\FileHandler' driver.
INFO - 2024-07-31 08:23:02 --> Session: Class initialized using 'CodeIgniter\Session\Handlers\FileHandler' driver.
INFO - 2024-07-31 08:28:34 --> Proceso de fetchFromApi completado. Personajes generados: 5
INFO - 2024-07-31 08:35:53 --> Proceso de fetchFromApi completado. Personajes generados: 5
INFO - 2024-07-31 08:39:07 --> Proceso de fetchFromApi completado. Personajes generados: 5
INFO - 2024-07-31 08:41:37 --> Proceso de fetchFromApi completado. Personajes generados: 5
CRITICAL - 2024-07-31 08:45:57 --> CodeIgniter\HTTP\Exceptions\HTTPException: 52 : Empty reply from server
[Method: POST, Route: fetch]
in SYSTEMPATH\HTTP\CURLRequest.php on line 694.
 1 SYSTEMPATH\HTTP\CURLRequest.php(694): CodeIgniter\HTTP\Exceptions\HTTPException::forCurlError('52', 'Empty reply from server')
 2 SYSTEMPATH\HTTP\CURLRequest.php(383): CodeIgniter\HTTP\CURLRequest->sendRequest([...])
 3 SYSTEMPATH\HTTP\CURLRequest.php(152): CodeIgniter\HTTP\CURLRequest->send('GET', 'https://gateway.marvel.com/v1/public/characters?ts=1722415508&apikey=7ded81baab0bdb1182d6eeeb467c8c32&hash=c5f300f14fdcb262056c60fac9784874')
 4 SYSTEMPATH\HTTP\CURLRequest.php(187): CodeIgniter\HTTP\CURLRequest->request('GET', 'https://gateway.marvel.com/v1/public/characters?ts=1722415508&apikey=7ded81baab0bdb1182d6eeeb467c8c32&hash=c5f300f14fdcb262056c60fac9784874', [])
 5 APPPATH\Libraries\MarvelApiWrapper.php(41): CodeIgniter\HTTP\CURLRequest->get('characters?ts=1722415508&apikey=7ded81baab0bdb1182d6eeeb467c8c32&hash=c5f300f14fdcb262056c60fac9784874')
 6 APPPATH\Controllers\Home.php(36): App\Libraries\MarvelApiWrapper->characters()
 7 SYSTEMPATH\CodeIgniter.php(933): App\Controllers\Home->fetchFromApi()
 8 SYSTEMPATH\CodeIgniter.php(509): CodeIgniter\CodeIgniter->runController(Object(App\Controllers\Home))
 9 SYSTEMPATH\CodeIgniter.php(355): CodeIgniter\CodeIgniter->handleRequest(null, Object(Config\Cache), false)
10 SYSTEMPATH\Boot.php(325): CodeIgniter\CodeIgniter->run()
11 SYSTEMPATH\Boot.php(67): CodeIgniter\Boot::runCodeIgniter(Object(CodeIgniter\CodeIgniter))
12 FCPATH\index.php(56): CodeIgniter\Boot::bootWeb(Object(Config\Paths))
INFO - 2024-07-31 08:47:18 --> Proceso de fetchFromApi completado. Personajes generados: 5
INFO - 2024-07-31 08:48:30 --> Proceso de fetchFromApi completado. Personajes generados: 5
INFO - 2024-07-31 08:51:20 --> Proceso de fetchFromApi completado. Personajes generados: 5
INFO - 2024-07-31 09:15:08 --> Proceso de fetchFromApi completado. Personajes generados: 1
INFO - 2024-07-31 09:16:23 --> Proceso de fetchFromApi completado. Personajes generados: 0
INFO - 2024-07-31 09:17:49 --> Proceso de fetchFromApi completado. Personajes generados: 0
INFO - 2024-07-31 09:19:14 --> Proceso de fetchFromApi completado. Personajes generados: 0
INFO - 2024-07-31 09:19:19 --> Proceso de fetchFromApi completado. Personajes generados: 0
INFO - 2024-07-31 09:21:32 --> Proceso de fetchFromApi completado. Personajes generados: 0
INFO - 2024-07-31 09:34:41 --> Proceso de fetchFromApi completado. Personajes generados: 0
ERROR - 2024-07-31 10:40:25 --> Error connecting to the database: mysqli_sql_exception: Access denied for user 'u660141991_covaltomarvel'@'localhost' (using password: YES) in C:\xampp\htdocs\Take-API-Marvel\system\Database\MySQLi\Connection.php:186
Stack trace:
#0 C:\xampp\htdocs\Take-API-Marvel\system\Database\MySQLi\Connection.php(186): mysqli->real_connect('127.0.0.1:3306', 'u660141991_cova...', Object(SensitiveParameterValue), 'u660141991_cova...', 3306, '', 0)
#1 C:\xampp\htdocs\Take-API-Marvel\system\Database\BaseConnection.php(421): CodeIgniter\Database\MySQLi\Connection->connect(false)
#2 C:\xampp\htdocs\Take-API-Marvel\system\Database\BaseConnection.php(616): CodeIgniter\Database\BaseConnection->initialize()
#3 C:\xampp\htdocs\Take-API-Marvel\system\Database\BaseBuilder.php(1728): CodeIgniter\Database\BaseConnection->query('SELECT COUNT(*)...', Array, false)
#4 C:\xampp\htdocs\Take-API-Marvel\system\Model.php(678): CodeIgniter\Database\BaseBuilder->countAllResults(false)
#5 C:\xampp\htdocs\Take-API-Marvel\system\BaseModel.php(1284): CodeIgniter\Model->countAllResults(false)
#6 C:\xampp\htdocs\Take-API-Marvel\app\Controllers\Home.php(25): CodeIgniter\BaseModel->paginate(10)
#7 C:\xampp\htdocs\Take-API-Marvel\system\CodeIgniter.php(933): App\Controllers\Home->index()
#8 C:\xampp\htdocs\Take-API-Marvel\system\CodeIgniter.php(509): CodeIgniter\CodeIgniter->runController(Object(App\Controllers\Home))
#9 C:\xampp\htdocs\Take-API-Marvel\system\CodeIgniter.php(355): CodeIgniter\CodeIgniter->handleRequest(NULL, Object(Config\Cache), false)
#10 C:\xampp\htdocs\Take-API-Marvel\system\Boot.php(325): CodeIgniter\CodeIgniter->run()
#11 C:\xampp\htdocs\Take-API-Marvel\system\Boot.php(67): CodeIgniter\Boot::runCodeIgniter(Object(CodeIgniter\CodeIgniter))
#12 C:\xampp\htdocs\Take-API-Marvel\public\index.php(56): CodeIgniter\Boot::bootWeb(Object(Config\Paths))
#13 {main}

Next CodeIgniter\Database\Exceptions\DatabaseException: Access denied for user '****'@'localhost' (using password: YES) in C:\xampp\htdocs\Take-API-Marvel\system\Database\MySQLi\Connection.php:231
Stack trace:
#0 C:\xampp\htdocs\Take-API-Marvel\system\Database\BaseConnection.php(421): CodeIgniter\Database\MySQLi\Connection->connect(false)
#1 C:\xampp\htdocs\Take-API-Marvel\system\Database\BaseConnection.php(616): CodeIgniter\Database\BaseConnection->initialize()
#2 C:\xampp\htdocs\Take-API-Marvel\system\Database\BaseBuilder.php(1728): CodeIgniter\Database\BaseConnection->query('SELECT COUNT(*)...', Array, false)
#3 C:\xampp\htdocs\Take-API-Marvel\system\Model.php(678): CodeIgniter\Database\BaseBuilder->countAllResults(false)
#4 C:\xampp\htdocs\Take-API-Marvel\system\BaseModel.php(1284): CodeIgniter\Model->countAllResults(false)
#5 C:\xampp\htdocs\Take-API-Marvel\app\Controllers\Home.php(25): CodeIgniter\BaseModel->paginate(10)
#6 C:\xampp\htdocs\Take-API-Marvel\system\CodeIgniter.php(933): App\Controllers\Home->index()
#7 C:\xampp\htdocs\Take-API-Marvel\system\CodeIgniter.php(509): CodeIgniter\CodeIgniter->runController(Object(App\Controllers\Home))
#8 C:\xampp\htdocs\Take-API-Marvel\system\CodeIgniter.php(355): CodeIgniter\CodeIgniter->handleRequest(NULL, Object(Config\Cache), false)
#9 C:\xampp\htdocs\Take-API-Marvel\system\Boot.php(325): CodeIgniter\CodeIgniter->run()
#10 C:\xampp\htdocs\Take-API-Marvel\system\Boot.php(67): CodeIgniter\Boot::runCodeIgniter(Object(CodeIgniter\CodeIgniter))
#11 C:\xampp\htdocs\Take-API-Marvel\public\index.php(56): CodeIgniter\Boot::bootWeb(Object(Config\Paths))
#12 {main}
CRITICAL - 2024-07-31 10:40:25 --> CodeIgniter\Database\Exceptions\DatabaseException: Unable to connect to the database.
Main connection [MySQLi]: Access denied for user '****'@'localhost' (using password: YES)
[Method: GET, Route: /]
in SYSTEMPATH\Database\BaseConnection.php on line 467.
 1 SYSTEMPATH\Database\BaseConnection.php(616): CodeIgniter\Database\BaseConnection->initialize()
 2 SYSTEMPATH\Database\BaseBuilder.php(1728): CodeIgniter\Database\BaseConnection->query('SELECT COUNT(*) AS `numrows`
FROM `characters`', [], false)
 3 SYSTEMPATH\Model.php(678): CodeIgniter\Database\BaseBuilder->countAllResults(false)
 4 SYSTEMPATH\BaseModel.php(1284): CodeIgniter\Model->countAllResults(false)
 5 APPPATH\Controllers\Home.php(25): CodeIgniter\BaseModel->paginate(10)
 6 SYSTEMPATH\CodeIgniter.php(933): App\Controllers\Home->index()
 7 SYSTEMPATH\CodeIgniter.php(509): CodeIgniter\CodeIgniter->runController(Object(App\Controllers\Home))
 8 SYSTEMPATH\CodeIgniter.php(355): CodeIgniter\CodeIgniter->handleRequest(null, Object(Config\Cache), false)
 9 SYSTEMPATH\Boot.php(325): CodeIgniter\CodeIgniter->run()
10 SYSTEMPATH\Boot.php(67): CodeIgniter\Boot::runCodeIgniter(Object(CodeIgniter\CodeIgniter))
11 FCPATH\index.php(56): CodeIgniter\Boot::bootWeb(Object(Config\Paths))
ERROR - 2024-07-31 11:39:13 --> Error connecting to the database: mysqli_sql_exception: Access denied for user 'u660141991_covaltomarvel'@'localhost' (using password: YES) in C:\xampp\htdocs\Take-API-Marvel\system\Database\MySQLi\Connection.php:186
Stack trace:
#0 C:\xampp\htdocs\Take-API-Marvel\system\Database\MySQLi\Connection.php(186): mysqli->real_connect('127.0.0.1:3306', 'u660141991_cova...', Object(SensitiveParameterValue), 'u660141991_cova...', 3306, '', 0)
#1 C:\xampp\htdocs\Take-API-Marvel\system\Database\BaseConnection.php(421): CodeIgniter\Database\MySQLi\Connection->connect(false)
#2 C:\xampp\htdocs\Take-API-Marvel\system\Database\BaseConnection.php(616): CodeIgniter\Database\BaseConnection->initialize()
#3 C:\xampp\htdocs\Take-API-Marvel\system\Database\BaseBuilder.php(1728): CodeIgniter\Database\BaseConnection->query('SELECT COUNT(*)...', Array, false)
#4 C:\xampp\htdocs\Take-API-Marvel\system\Model.php(678): CodeIgniter\Database\BaseBuilder->countAllResults(false)
#5 C:\xampp\htdocs\Take-API-Marvel\system\BaseModel.php(1284): CodeIgniter\Model->countAllResults(false)
#6 C:\xampp\htdocs\Take-API-Marvel\app\Controllers\Home.php(25): CodeIgniter\BaseModel->paginate(10)
#7 C:\xampp\htdocs\Take-API-Marvel\system\CodeIgniter.php(933): App\Controllers\Home->index()
#8 C:\xampp\htdocs\Take-API-Marvel\system\CodeIgniter.php(509): CodeIgniter\CodeIgniter->runController(Object(App\Controllers\Home))
#9 C:\xampp\htdocs\Take-API-Marvel\system\CodeIgniter.php(355): CodeIgniter\CodeIgniter->handleRequest(NULL, Object(Config\Cache), false)
#10 C:\xampp\htdocs\Take-API-Marvel\system\Boot.php(325): CodeIgniter\CodeIgniter->run()
#11 C:\xampp\htdocs\Take-API-Marvel\system\Boot.php(67): CodeIgniter\Boot::runCodeIgniter(Object(CodeIgniter\CodeIgniter))
#12 C:\xampp\htdocs\Take-API-Marvel\public\index.php(56): CodeIgniter\Boot::bootWeb(Object(Config\Paths))
#13 {main}

Next CodeIgniter\Database\Exceptions\DatabaseException: Access denied for user '****'@'localhost' (using password: YES) in C:\xampp\htdocs\Take-API-Marvel\system\Database\MySQLi\Connection.php:231
Stack trace:
#0 C:\xampp\htdocs\Take-API-Marvel\system\Database\BaseConnection.php(421): CodeIgniter\Database\MySQLi\Connection->connect(false)
#1 C:\xampp\htdocs\Take-API-Marvel\system\Database\BaseConnection.php(616): CodeIgniter\Database\BaseConnection->initialize()
#2 C:\xampp\htdocs\Take-API-Marvel\system\Database\BaseBuilder.php(1728): CodeIgniter\Database\BaseConnection->query('SELECT COUNT(*)...', Array, false)
#3 C:\xampp\htdocs\Take-API-Marvel\system\Model.php(678): CodeIgniter\Database\BaseBuilder->countAllResults(false)
#4 C:\xampp\htdocs\Take-API-Marvel\system\BaseModel.php(1284): CodeIgniter\Model->countAllResults(false)
#5 C:\xampp\htdocs\Take-API-Marvel\app\Controllers\Home.php(25): CodeIgniter\BaseModel->paginate(10)
#6 C:\xampp\htdocs\Take-API-Marvel\system\CodeIgniter.php(933): App\Controllers\Home->index()
#7 C:\xampp\htdocs\Take-API-Marvel\system\CodeIgniter.php(509): CodeIgniter\CodeIgniter->runController(Object(App\Controllers\Home))
#8 C:\xampp\htdocs\Take-API-Marvel\system\CodeIgniter.php(355): CodeIgniter\CodeIgniter->handleRequest(NULL, Object(Config\Cache), false)
#9 C:\xampp\htdocs\Take-API-Marvel\system\Boot.php(325): CodeIgniter\CodeIgniter->run()
#10 C:\xampp\htdocs\Take-API-Marvel\system\Boot.php(67): CodeIgniter\Boot::runCodeIgniter(Object(CodeIgniter\CodeIgniter))
#11 C:\xampp\htdocs\Take-API-Marvel\public\index.php(56): CodeIgniter\Boot::bootWeb(Object(Config\Paths))
#12 {main}
CRITICAL - 2024-07-31 11:39:13 --> CodeIgniter\Database\Exceptions\DatabaseException: Unable to connect to the database.
Main connection [MySQLi]: Access denied for user '****'@'localhost' (using password: YES)
[Method: GET, Route: /]
in SYSTEMPATH\Database\BaseConnection.php on line 467.
 1 SYSTEMPATH\Database\BaseConnection.php(616): CodeIgniter\Database\BaseConnection->initialize()
 2 SYSTEMPATH\Database\BaseBuilder.php(1728): CodeIgniter\Database\BaseConnection->query('SELECT COUNT(*) AS `numrows`
FROM `characters`', [], false)
 3 SYSTEMPATH\Model.php(678): CodeIgniter\Database\BaseBuilder->countAllResults(false)
 4 SYSTEMPATH\BaseModel.php(1284): CodeIgniter\Model->countAllResults(false)
 5 APPPATH\Controllers\Home.php(25): CodeIgniter\BaseModel->paginate(10)
 6 SYSTEMPATH\CodeIgniter.php(933): App\Controllers\Home->index()
 7 SYSTEMPATH\CodeIgniter.php(509): CodeIgniter\CodeIgniter->runController(Object(App\Controllers\Home))
 8 SYSTEMPATH\CodeIgniter.php(355): CodeIgniter\CodeIgniter->handleRequest(null, Object(Config\Cache), false)
 9 SYSTEMPATH\Boot.php(325): CodeIgniter\CodeIgniter->run()
10 SYSTEMPATH\Boot.php(67): CodeIgniter\Boot::runCodeIgniter(Object(CodeIgniter\CodeIgniter))
11 FCPATH\index.php(56): CodeIgniter\Boot::bootWeb(Object(Config\Paths))
